<?xml version="1.0" encoding="UTF-8"?>
<!-- Generated by org.testng.reporters.JUnitReportReporter -->
<testsuite hostname="LAPTOP-JTFCSI93" failures="0" tests="1" name="test.ContactDetailsPage" time="7.706" errors="0" timestamp="2025-03-24T10:37:18 IST" skipped="0">
  <testcase classname="test.ContactDetailsPage" name="AddContactDetails" time="7.706"/>
  <system-out/>
</testsuite> <!-- test.ContactDetailsPage -->
