<?xml version="1.0" encoding="UTF-8"?>
<!-- Generated by org.testng.reporters.JUnitReportReporter -->
<testsuite hostname="LAPTOP-JTFCSI93" failures="0" tests="1" name="test.PimPage" time="6.637" errors="0" timestamp="2025-03-24T10:37:18 IST" skipped="0">
  <testcase classname="test.PimPage" name="AddEmployee" time="6.637"/>
  <system-out/>
</testsuite> <!-- test.PimPage -->
