<?xml version="1.0" encoding="UTF-8"?>
<!-- Generated by org.testng.reporters.JUnitReportReporter -->
<testsuite hostname="LAPTOP-JTFCSI93" failures="0" tests="2" name="test.LoginPage" time="6.050" errors="0" timestamp="2025-03-24T10:37:18 IST" skipped="0">
  <testcase classname="test.LoginPage" name="Launch" time="1.866"/>
  <system-out/>
  <testcase classname="test.LoginPage" name="Login" time="4.184"/>
  <system-out/>
</testsuite> <!-- test.LoginPage -->
