<?xml version="1.0" encoding="UTF-8"?>
<!-- Generated by org.testng.reporters.JUnitReportReporter -->
<testsuite hostname="DESKTOP-BM0389Q" failures="0" tests="1" name="pack.Demotest" time="0.009" errors="0" timestamp="2025-02-20T10:19:21 IST" skipped="0">
  <testcase classname="pack.Demotest" name="display" time="0.009"/>
  <system-out/>
</testsuite> <!-- pack.Demotest -->
