<?xml version="1.0" encoding="UTF-8"?>
<!-- Generated by org.testng.reporters.JUnitReportReporter -->
<testsuite hostname="LAPTOP-JTFCSI93" failures="0" tests="1" name="test.AddEmployeePage" time="1.644" errors="0" timestamp="2025-03-24T10:37:18 IST" skipped="0">
  <testcase classname="test.AddEmployeePage" name="CreateNewEmployee" time="1.644"/>
  <system-out/>
</testsuite> <!-- test.AddEmployeePage -->
